<?xml version="1.0" encoding="UTF-8"?>
<!-- Generated by org.testng.reporters.JUnitXMLReporter -->
<testsuite hostname="DESKTOP-719K3UV" name="Default test" tests="4" failures="0" timestamp="27 May 2019 20:44:11 GMT" time="0.058" errors="0">
  <testcase name="a1" time="0.011" classname="com.practice.nidhi.AutomationTesting.testNGDemo"/>
  <testcase name="a2" time="0.003" classname="com.practice.nidhi.AutomationTesting.testNGDemo"/>
  <testcase name="a3" time="0.003" classname="com.practice.nidhi.AutomationTesting.testNGDemo"/>
  <testcase name="a4" time="0.003" classname="com.practice.nidhi.AutomationTesting.testNGDemo"/>
</testsuite> <!-- Default test -->
