<?xml version="1.0" encoding="UTF-8"?>
<testng-results skipped="0" failed="0" total="4" passed="4">
  <reporter-output>
  </reporter-output>
  <suite name="Default suite" duration-ms="58" started-at="2019-05-27T20:44:11Z" finished-at="2019-05-27T20:44:11Z">
    <groups>
    </groups>
    <test name="Default test" duration-ms="58" started-at="2019-05-27T20:44:11Z" finished-at="2019-05-27T20:44:11Z">
      <class name="com.practice.nidhi.AutomationTesting.testNGDemo">
        <test-method status="PASS" signature="Before()[pri:0, instance:com.practice.nidhi.AutomationTesting.testNGDemo@5d5eef3d]" name="Before" is-config="true" duration-ms="18" started-at="2019-05-27T16:44:11Z" finished-at="2019-05-27T16:44:11Z">
          <reporter-output>
          </reporter-output>
        </test-method> <!-- Before -->
        <test-method status="PASS" signature="a1()[pri:0, instance:com.practice.nidhi.AutomationTesting.testNGDemo@5d5eef3d]" name="a1" duration-ms="11" started-at="2019-05-27T16:44:11Z" finished-at="2019-05-27T16:44:11Z">
          <reporter-output>
          </reporter-output>
        </test-method> <!-- a1 -->
        <test-method status="PASS" signature="a2()[pri:0, instance:com.practice.nidhi.AutomationTesting.testNGDemo@5d5eef3d]" name="a2" duration-ms="3" started-at="2019-05-27T16:44:11Z" finished-at="2019-05-27T16:44:11Z">
          <reporter-output>
          </reporter-output>
        </test-method> <!-- a2 -->
        <test-method status="PASS" signature="a3()[pri:0, instance:com.practice.nidhi.AutomationTesting.testNGDemo@5d5eef3d]" name="a3" duration-ms="3" started-at="2019-05-27T16:44:11Z" finished-at="2019-05-27T16:44:11Z">
          <reporter-output>
          </reporter-output>
        </test-method> <!-- a3 -->
        <test-method status="PASS" signature="a4()[pri:0, instance:com.practice.nidhi.AutomationTesting.testNGDemo@5d5eef3d]" name="a4" duration-ms="3" started-at="2019-05-27T16:44:11Z" finished-at="2019-05-27T16:44:11Z">
          <reporter-output>
          </reporter-output>
        </test-method> <!-- a4 -->
        <test-method status="PASS" signature="After()[pri:0, instance:com.practice.nidhi.AutomationTesting.testNGDemo@5d5eef3d]" name="After" is-config="true" duration-ms="0" started-at="2019-05-27T16:44:11Z" finished-at="2019-05-27T16:44:11Z">
          <reporter-output>
          </reporter-output>
        </test-method> <!-- After -->
      </class> <!-- com.practice.nidhi.AutomationTesting.testNGDemo -->
    </test> <!-- Default test -->
  </suite> <!-- Default suite -->
</testng-results>
