<?xml version="1.0" encoding="UTF-8"?>
<testng-results skipped="0" failed="0" total="2" passed="2">
  <reporter-output>
  </reporter-output>
  <suite name="Default suite" duration-ms="18337" started-at="2019-05-27T23:38:28Z" finished-at="2019-05-27T23:38:46Z">
    <groups>
    </groups>
    <test name="Default test" duration-ms="18337" started-at="2019-05-27T23:38:28Z" finished-at="2019-05-27T23:38:46Z">
      <class name="com.practice.nidhi.TestSuit.DataProviderEx">
        <test-method status="PASS" signature="beforeMethod()[pri:0, instance:com.practice.nidhi.TestSuit.DataProviderEx@58651fd0]" name="beforeMethod" is-config="true" duration-ms="8429" started-at="2019-05-27T19:38:28Z" finished-at="2019-05-27T19:38:36Z">
          <reporter-output>
          </reporter-output>
        </test-method> <!-- beforeMethod -->
        <test-method status="PASS" signature="f(java.lang.String, java.lang.String)[pri:0, instance:com.practice.nidhi.TestSuit.DataProviderEx@58651fd0]" name="f" duration-ms="618" started-at="2019-05-27T19:38:36Z" data-provider="TestData1" finished-at="2019-05-27T19:38:37Z">
          <params>
            <param index="0">
              <value>
                <![CDATA[nidhi1]]>
              </value>
            </param>
            <param index="1">
              <value>
                <![CDATA[sankalp]]>
              </value>
            </param>
          </params>
          <reporter-output>
          </reporter-output>
        </test-method> <!-- f -->
        <test-method status="PASS" signature="afterMethod()[pri:0, instance:com.practice.nidhi.TestSuit.DataProviderEx@58651fd0]" name="afterMethod" is-config="true" duration-ms="1047" started-at="2019-05-27T19:38:37Z" finished-at="2019-05-27T19:38:38Z">
          <reporter-output>
          </reporter-output>
        </test-method> <!-- afterMethod -->
        <test-method status="PASS" signature="beforeMethod()[pri:0, instance:com.practice.nidhi.TestSuit.DataProviderEx@58651fd0]" name="beforeMethod" is-config="true" duration-ms="6812" started-at="2019-05-27T19:38:38Z" finished-at="2019-05-27T19:38:45Z">
          <reporter-output>
          </reporter-output>
        </test-method> <!-- beforeMethod -->
        <test-method status="PASS" signature="f(java.lang.String, java.lang.String)[pri:0, instance:com.practice.nidhi.TestSuit.DataProviderEx@58651fd0]" name="f" duration-ms="429" started-at="2019-05-27T19:38:45Z" data-provider="TestData1" finished-at="2019-05-27T19:38:45Z">
          <params>
            <param index="0">
              <value>
                <![CDATA[nidhi2]]>
              </value>
            </param>
            <param index="1">
              <value>
                <![CDATA[sankalp1]]>
              </value>
            </param>
          </params>
          <reporter-output>
          </reporter-output>
        </test-method> <!-- f -->
        <test-method status="PASS" signature="afterMethod()[pri:0, instance:com.practice.nidhi.TestSuit.DataProviderEx@58651fd0]" name="afterMethod" is-config="true" duration-ms="968" started-at="2019-05-27T19:38:45Z" finished-at="2019-05-27T19:38:46Z">
          <reporter-output>
          </reporter-output>
        </test-method> <!-- afterMethod -->
      </class> <!-- com.practice.nidhi.TestSuit.DataProviderEx -->
    </test> <!-- Default test -->
  </suite> <!-- Default suite -->
</testng-results>
